<?xml version="1.0" encoding="UTF-8"?>
<!-- Generated by org.testng.reporters.JUnitReportReporter -->
<testsuite hostname="CLAP2084" failures="0" tests="4" name="Salesdesk.BuyingBook" time="23.189" errors="0" timestamp="2022-01-07T14:13:32 IST" skipped="1">
  <testcase classname="Salesdesk.BuyingBook" name="addBook" time="16.224"/>
  <system-out/>
  <testcase classname="Salesdesk.BuyingBook" name="viewBasket" time="6.536"/>
  <system-out/>
  <testcase classname="Salesdesk.BuyingBook" name="skippedMethod" time="0.002">
    <skipped/>
  </testcase> <!-- skippedMethod -->
  <system-out/>
  <testcase classname="Salesdesk.BuyingBook" name="exitSite" time="0.427"/>
  <system-out/>
</testsuite> <!-- Salesdesk.BuyingBook -->
