<?xml version="1.0" encoding="UTF-8"?>
<!-- Generated by org.testng.reporters.JUnitReportReporter -->
<testsuite hostname="CLAP2084" failures="0" tests="4" name="Salesdesk.swagorder" time="10.022" errors="0" timestamp="2022-01-07T14:13:32 IST" skipped="0">
  <testcase classname="Salesdesk.swagorder" name="login" time="4.004"/>
  <system-out/>
  <testcase classname="Salesdesk.swagorder" name="addToCart" time="2.188"/>
  <system-out/>
  <testcase classname="Salesdesk.swagorder" name="checkout" time="3.403"/>
  <system-out/>
  <testcase classname="Salesdesk.swagorder" name="teardown" time="0.427"/>
  <system-out/>
</testsuite> <!-- Salesdesk.swagorder -->
