<?xml version="1.0" encoding="UTF-8"?>
<!-- Generated by org.testng.reporters.JUnitReportReporter -->
<testsuite hostname="CLAP2084" failures="0" tests="3" name="Salesdesk.TestUrl" time="11.494" errors="0" timestamp="2022-01-06T22:01:42 IST" skipped="0">
  <testcase classname="Salesdesk.TestUrl" name="login" time="5.699"/>
  <system-out/>
  <testcase classname="Salesdesk.TestUrl" name="addCart" time="2.296"/>
  <system-out/>
  <testcase classname="Salesdesk.TestUrl" name="checkout" time="3.499"/>
  <system-out/>
</testsuite> <!-- Salesdesk.TestUrl -->
