<?xml version="1.0" encoding="UTF-8"?>
<!-- Generated by org.testng.reporters.JUnitReportReporter -->
<testsuite hostname="CLAP2084" failures="0" tests="1" name="Salesdesk.swagorder" time="4.030" errors="0" timestamp="07 Jan 2022 09:34:24 GMT" skipped="0">
  <testcase classname="Salesdesk.swagorder" name="login" time="4.030"/>
</testsuite> <!-- Salesdesk.swagorder -->
