<?xml version="1.0" encoding="UTF-8"?>
<!-- Generated by org.testng.reporters.JUnitReportReporter -->
<testsuite hostname="CLAP2084" failures="0" tests="1" name="Salesdesk.ApplyCoupunCode" time="18.539" errors="0" timestamp="07 Jan 2022 09:34:24 GMT" skipped="0">
  <testcase classname="Salesdesk.ApplyCoupunCode" name="addBookToCart" time="18.539"/>
</testsuite> <!-- Salesdesk.ApplyCoupunCode -->
