<?xml version="1.0" encoding="UTF-8"?>
<!-- Generated by org.testng.reporters.JUnitReportReporter -->
<testsuite hostname="CLAP2084" failures="0" tests="1" name="Salesdesk.BuyingBook" time="15.634" errors="0" timestamp="07 Jan 2022 09:34:24 GMT" skipped="0">
  <testcase classname="Salesdesk.BuyingBook" name="addBook" time="15.634"/>
</testsuite> <!-- Salesdesk.BuyingBook -->
